#! /c/Source/iverilog-install/bin/vvp
:ivl_version "12.0 (devel)" "(s20150603-1539-g2693dd32b)";
:ivl_delay_selection "TYPICAL";
:vpi_time_precision - 12;
:vpi_module "C:\iverilog\lib\ivl\system.vpi";
:vpi_module "C:\iverilog\lib\ivl\vhdl_sys.vpi";
:vpi_module "C:\iverilog\lib\ivl\vhdl_textio.vpi";
:vpi_module "C:\iverilog\lib\ivl\v2005_math.vpi";
:vpi_module "C:\iverilog\lib\ivl\va_math.vpi";
:vpi_module "C:\iverilog\lib\ivl\v2009.vpi";
S_00000229cead2ca0 .scope package, "$unit" "$unit" 2 1;
 .timescale 0 0;
S_00000229cead2e30 .scope module, "tb_and_gate" "tb_and_gate" 3 4;
 .timescale -9 -12;
v00000229cebfbd00_0 .var "a", 0 0;
v00000229cebfbda0_0 .var "b", 0 0;
v00000229cebfbe40_0 .net "out", 0 0, L_00000229cead32b0;  1 drivers
S_00000229cebfe7b0 .scope module, "uut" "and_gate" 3 12, 4 2 0, S_00000229cead2e30;
 .timescale -9 -12;
    .port_info 0 /INPUT 1 "a";
    .port_info 1 /INPUT 1 "b";
    .port_info 2 /OUTPUT 1 "out";
L_00000229cead32b0 .functor AND 1, v00000229cebfbd00_0, v00000229cebfbda0_0, C4<1>, C4<1>;
v00000229cebfa160_0 .net "a", 0 0, v00000229cebfbd00_0;  1 drivers
v00000229cead2fc0_0 .net "b", 0 0, v00000229cebfbda0_0;  1 drivers
v00000229cead3060_0 .net "out", 0 0, L_00000229cead32b0;  alias, 1 drivers
    .scope S_00000229cead2e30;
T_0 ;
    %pushi/vec4 0, 0, 1;
    %store/vec4 v00000229cebfbd00_0, 0, 1;
    %pushi/vec4 0, 0, 1;
    %store/vec4 v00000229cebfbda0_0, 0, 1;
    %delay 10000, 0;
    %pushi/vec4 0, 0, 1;
    %store/vec4 v00000229cebfbd00_0, 0, 1;
    %pushi/vec4 1, 0, 1;
    %store/vec4 v00000229cebfbda0_0, 0, 1;
    %delay 10000, 0;
    %pushi/vec4 1, 0, 1;
    %store/vec4 v00000229cebfbd00_0, 0, 1;
    %pushi/vec4 0, 0, 1;
    %store/vec4 v00000229cebfbda0_0, 0, 1;
    %delay 10000, 0;
    %pushi/vec4 1, 0, 1;
    %store/vec4 v00000229cebfbd00_0, 0, 1;
    %pushi/vec4 1, 0, 1;
    %store/vec4 v00000229cebfbda0_0, 0, 1;
    %delay 10000, 0;
    %vpi_call/w 3 31 "$finish" {0 0 0};
    %end;
    .thread T_0;
    .scope S_00000229cead2e30;
T_1 ;
    %vpi_call/w 3 36 "$monitor", "Time = %0t, a = %b, b = %b, out = %b", $time, v00000229cebfbd00_0, v00000229cebfbda0_0, v00000229cebfbe40_0 {0 0 0};
    %end;
    .thread T_1;
    .scope S_00000229cead2e30;
T_2 ;
    %vpi_call/w 3 41 "$dumpfile", "and_gate_tb.vcd" {0 0 0};
    %vpi_call/w 3 42 "$dumpvars", 32'sb00000000000000000000000000000000, S_00000229cead2e30 {0 0 0};
    %end;
    .thread T_2;
# The file index is used to find the file name in the following table.
:file_names 5;
    "N/A";
    "<interactive>";
    "-";
    "tb_and_gate.v";
    "./and_gate.v";
